app/build/intermediates/manifest_merge_blame_file/debug/manifest-merger-blame-debug-report.txt
1<?xml version="1.0" encoding="utf-8"?>
2<manifest xmlns:android="http://schemas.android.com/apk/res/android"
3    package="com.veryfi.lens.headless.receipts.demo"
4    android:versionCode="1"
5    android:versionName="1.0" >
6
7    <uses-sdk
8        android:minSdkVersion="23"
8-->src/main/AndroidManifest.xml
9        android:targetSdkVersion="33" />
9-->src/main/AndroidManifest.xml
10
11    <uses-feature android:name="android.hardware.camera.any" />
11-->src/main/AndroidManifest.xml:5:5-64
11-->src/main/AndroidManifest.xml:5:19-61
12
13    <uses-permission android:name="android.permission.CAMERA" />
13-->src/main/AndroidManifest.xml:6:5-65
13-->src/main/AndroidManifest.xml:6:22-62
14    <uses-permission android:name="android.permission.ACCESS_COARSE_LOCATION" />
14-->[com.veryfi.lens.helpers:veryfi-helpers-sdk:1.6.2.7] AndroidManifest.xml:9:5-81
14-->[com.veryfi.lens.helpers:veryfi-helpers-sdk:1.6.2.7] AndroidManifest.xml:9:22-78
15    <uses-permission android:name="android.permission.ACCESS_NETWORK_STATE" />
15-->[com.veryfi.lens.helpers:veryfi-helpers-sdk:1.6.2.7] AndroidManifest.xml:10:5-79
15-->[com.veryfi.lens.helpers:veryfi-helpers-sdk:1.6.2.7] AndroidManifest.xml:10:22-76
16
17    <queries>
17-->[androidx.camera:camera-extensions:1.3.0-alpha02] AndroidManifest.xml:22:5-26:15
18        <intent>
18-->[androidx.camera:camera-extensions:1.3.0-alpha02] AndroidManifest.xml:23:9-25:18
19            <action android:name="androidx.camera.extensions.action.VENDOR_ACTION" />
19-->[androidx.camera:camera-extensions:1.3.0-alpha02] AndroidManifest.xml:24:13-86
19-->[androidx.camera:camera-extensions:1.3.0-alpha02] AndroidManifest.xml:24:21-83
20        </intent>
21    </queries>
22
23    <uses-permission android:name="android.permission.INTERNET" />
23-->[com.amazonaws:aws-android-sdk-mobile-client:2.48.0] AndroidManifest.xml:17:5-67
23-->[com.amazonaws:aws-android-sdk-mobile-client:2.48.0] AndroidManifest.xml:17:22-64
24
25    <permission
25-->[androidx.core:core:1.9.0] AndroidManifest.xml:22:5-24:47
26        android:name="com.veryfi.lens.headless.receipts.demo.DYNAMIC_RECEIVER_NOT_EXPORTED_PERMISSION"
26-->[androidx.core:core:1.9.0] AndroidManifest.xml:23:9-81
27        android:protectionLevel="signature" />
27-->[androidx.core:core:1.9.0] AndroidManifest.xml:24:9-44
28
29    <uses-permission android:name="com.veryfi.lens.headless.receipts.demo.DYNAMIC_RECEIVER_NOT_EXPORTED_PERMISSION" />
29-->[androidx.core:core:1.9.0] AndroidManifest.xml:26:5-97
29-->[androidx.core:core:1.9.0] AndroidManifest.xml:26:22-94
30
31    <application
31-->src/main/AndroidManifest.xml:8:5-39:19
32        android:allowBackup="true"
32-->src/main/AndroidManifest.xml:9:9-35
33        android:appComponentFactory="androidx.core.app.CoreComponentFactory"
33-->[androidx.core:core:1.9.0] AndroidManifest.xml:28:18-86
34        android:dataExtractionRules="@xml/data_extraction_rules"
34-->src/main/AndroidManifest.xml:10:9-65
35        android:debuggable="true"
36        android:extractNativeLibs="false"
37        android:fullBackupContent="@xml/backup_rules"
37-->src/main/AndroidManifest.xml:11:9-54
38        android:icon="@mipmap/ic_launcher"
38-->src/main/AndroidManifest.xml:12:9-43
39        android:label="@string/app_name"
39-->src/main/AndroidManifest.xml:13:9-41
40        android:roundIcon="@mipmap/ic_launcher_round"
40-->src/main/AndroidManifest.xml:14:9-54
41        android:supportsRtl="true"
41-->src/main/AndroidManifest.xml:15:9-35
42        android:testOnly="true"
43        android:theme="@style/Theme.LensHeadlessReceiptsDemo" >
43-->src/main/AndroidManifest.xml:16:9-62
44        <activity
44-->src/main/AndroidManifest.xml:18:9-28:20
45            android:name="com.veryfi.lens.headless.receipts.demo.MainActivity"
45-->src/main/AndroidManifest.xml:19:13-41
46            android:exported="true"
46-->src/main/AndroidManifest.xml:20:13-36
47            android:label="@string/app_name"
47-->src/main/AndroidManifest.xml:21:13-45
48            android:theme="@style/Theme.LensHeadlessReceiptsDemo" >
48-->src/main/AndroidManifest.xml:22:13-66
49            <intent-filter>
49-->src/main/AndroidManifest.xml:23:13-27:29
50                <action android:name="android.intent.action.MAIN" />
50-->src/main/AndroidManifest.xml:24:17-69
50-->src/main/AndroidManifest.xml:24:25-66
51
52                <category android:name="android.intent.category.LAUNCHER" />
52-->src/main/AndroidManifest.xml:26:17-77
52-->src/main/AndroidManifest.xml:26:27-74
53            </intent-filter>
54        </activity>
55        <activity
55-->src/main/AndroidManifest.xml:30:9-33:56
56            android:name="com.veryfi.lens.headless.receipts.demo.receipts.CaptureActivity"
56-->src/main/AndroidManifest.xml:31:13-53
57            android:screenOrientation="portrait" />
57-->src/main/AndroidManifest.xml:32:13-49
58        <activity
58-->src/main/AndroidManifest.xml:35:9-38:56
59            android:name="com.veryfi.lens.headless.receipts.demo.logs.LogsActivity"
59-->src/main/AndroidManifest.xml:36:13-46
60            android:screenOrientation="portrait" />
60-->src/main/AndroidManifest.xml:37:13-49
61        <activity
61-->[com.google.android.gms:play-services-base:18.1.0] AndroidManifest.xml:20:9-22:45
62            android:name="com.google.android.gms.common.api.GoogleApiActivity"
62-->[com.google.android.gms:play-services-base:18.1.0] AndroidManifest.xml:20:19-85
63            android:exported="false"
63-->[com.google.android.gms:play-services-base:18.1.0] AndroidManifest.xml:22:19-43
64            android:theme="@android:style/Theme.Translucent.NoTitleBar" />
64-->[com.google.android.gms:play-services-base:18.1.0] AndroidManifest.xml:21:19-78
65
66        <meta-data
66-->[com.google.android.gms:play-services-basement:18.1.0] AndroidManifest.xml:21:9-23:69
67            android:name="com.google.android.gms.version"
67-->[com.google.android.gms:play-services-basement:18.1.0] AndroidManifest.xml:22:13-58
68            android:value="@integer/google_play_services_version" />
68-->[com.google.android.gms:play-services-basement:18.1.0] AndroidManifest.xml:23:13-66
69
70        <uses-library
70-->[androidx.window:window:1.0.0] AndroidManifest.xml:25:9-27:40
71            android:name="androidx.window.extensions"
71-->[androidx.window:window:1.0.0] AndroidManifest.xml:26:13-54
72            android:required="false" />
72-->[androidx.window:window:1.0.0] AndroidManifest.xml:27:13-37
73        <uses-library
73-->[androidx.window:window:1.0.0] AndroidManifest.xml:28:9-30:40
74            android:name="androidx.window.sidecar"
74-->[androidx.window:window:1.0.0] AndroidManifest.xml:29:13-51
75            android:required="false" />
75-->[androidx.window:window:1.0.0] AndroidManifest.xml:30:13-37
76
77        <service
77-->[androidx.room:room-runtime:2.5.0] AndroidManifest.xml:24:9-28:63
78            android:name="androidx.room.MultiInstanceInvalidationService"
78-->[androidx.room:room-runtime:2.5.0] AndroidManifest.xml:25:13-74
79            android:directBootAware="true"
79-->[androidx.room:room-runtime:2.5.0] AndroidManifest.xml:26:13-43
80            android:exported="false" />
80-->[androidx.room:room-runtime:2.5.0] AndroidManifest.xml:27:13-37
81
82        <uses-library
82-->[androidx.camera:camera-extensions:1.3.0-alpha02] AndroidManifest.xml:29:9-31:40
83            android:name="androidx.camera.extensions.impl"
83-->[androidx.camera:camera-extensions:1.3.0-alpha02] AndroidManifest.xml:30:13-59
84            android:required="false" />
84-->[androidx.camera:camera-extensions:1.3.0-alpha02] AndroidManifest.xml:31:13-37
85
86        <service
86-->[androidx.camera:camera-camera2:1.3.0-alpha02] AndroidManifest.xml:24:9-33:19
87            android:name="androidx.camera.core.impl.MetadataHolderService"
87-->[androidx.camera:camera-camera2:1.3.0-alpha02] AndroidManifest.xml:25:13-75
88            android:enabled="false"
88-->[androidx.camera:camera-camera2:1.3.0-alpha02] AndroidManifest.xml:26:13-36
89            android:exported="false" >
89-->[androidx.camera:camera-camera2:1.3.0-alpha02] AndroidManifest.xml:27:13-37
90            <meta-data
90-->[androidx.camera:camera-camera2:1.3.0-alpha02] AndroidManifest.xml:30:13-32:89
91                android:name="androidx.camera.core.impl.MetadataHolderService.DEFAULT_CONFIG_PROVIDER"
91-->[androidx.camera:camera-camera2:1.3.0-alpha02] AndroidManifest.xml:31:17-103
92                android:value="androidx.camera.camera2.Camera2Config$DefaultProvider" />
92-->[androidx.camera:camera-camera2:1.3.0-alpha02] AndroidManifest.xml:32:17-86
93        </service>
94
95        <provider
95-->[androidx.emoji2:emoji2:1.2.0] AndroidManifest.xml:24:9-32:20
96            android:name="androidx.startup.InitializationProvider"
96-->[androidx.emoji2:emoji2:1.2.0] AndroidManifest.xml:25:13-67
97            android:authorities="com.veryfi.lens.headless.receipts.demo.androidx-startup"
97-->[androidx.emoji2:emoji2:1.2.0] AndroidManifest.xml:26:13-68
98            android:exported="false" >
98-->[androidx.emoji2:emoji2:1.2.0] AndroidManifest.xml:27:13-37
99            <meta-data
99-->[androidx.emoji2:emoji2:1.2.0] AndroidManifest.xml:29:13-31:52
100                android:name="androidx.emoji2.text.EmojiCompatInitializer"
100-->[androidx.emoji2:emoji2:1.2.0] AndroidManifest.xml:30:17-75
101                android:value="androidx.startup" />
101-->[androidx.emoji2:emoji2:1.2.0] AndroidManifest.xml:31:17-49
102            <meta-data
102-->[androidx.lifecycle:lifecycle-process:2.4.1] AndroidManifest.xml:31:13-33:52
103                android:name="androidx.lifecycle.ProcessLifecycleInitializer"
103-->[androidx.lifecycle:lifecycle-process:2.4.1] AndroidManifest.xml:32:17-78
104                android:value="androidx.startup" />
104-->[androidx.lifecycle:lifecycle-process:2.4.1] AndroidManifest.xml:33:17-49
105        </provider>
106
107        <uses-library
107-->[com.amazonaws:aws-android-sdk-core:2.48.0] AndroidManifest.xml:11:9-13:40
108            android:name="org.apache.http.legacy"
108-->[com.amazonaws:aws-android-sdk-core:2.48.0] AndroidManifest.xml:12:13-50
109            android:required="false" />
109-->[com.amazonaws:aws-android-sdk-core:2.48.0] AndroidManifest.xml:13:13-37
110    </application>
111
112</manifest>